
-------
16/34/2017 16:34:21
-------

CREATE TABLE idrett
(
idrett_ID INT NOT NULL AUTO_INCREMENT,
navn VARCHAR(69) NOT NULL,
PRIMARY KEY (idrett_ID)
) 
-- I det neste komme implementasjon av 'ALTERNATIV A' fra forelesningsnotatet 'Fra ER-modell til relasjonsdatabase'
CREATE TABLE trening
(
	trening_ID INT NOT NULL AUTO_INCREMENT,
	dato DATE NOT NULL,
	tid TIME,
	varighet TIME, 
	antall_ovelser INT,
	prestasjon INT,
	personlig_form INT,
	idrett_ID INT,
	notat VARCHAR(2000),
	PRIMARY KEY (trening_ID),
	FOREIGN KEY (idrett_ID) REFERENCES idrett(idrett_ID) 
) 
CREATE TABLE utetrening
(
	trening_ID INT NOT NULL,
	vaertype VARCHAR(69),
	temperatur DECIMAL,
	PRIMARY KEY (trening_ID),
	FOREIGN KEY (trening_ID) REFERENCES trening(trening_ID)
) 
CREATE TABLE innetrening
(
	trening_ID INT NOT NULL,
	ventilasjon VARCHAR(69),
	antall_tilskuere INT,
	PRIMARY KEY (trening_ID),
	FOREIGN KEY (trening_ID) REFERENCES trening(trening_ID)
) 
CREATE TABLE trening_ovelse_detaljer
(
	trening_ID INT NOT NULL,
	ovelse_detaljer_ID INT NOT NULL,
	PRIMARY KEY (trening_ID, ovelse_detaljer_ID),
	FOREIGN KEY (trening_ID) REFERENCES trening(trening_ID) 
) 
CREATE TABLE treningstype
(
	treningstype_ID INT NOT NULL AUTO_INCREMENT,
	navn VARCHAR(69),
	PRIMARY KEY (treningstype_ID)
) 
CREATE TABLE ovelse
(
	ovelse_ID INT NOT NULL AUTO_INCREMENT,
	navn VARCHAR(69),
	beskrivelse VARCHAR(1000),
	treningstype_ID INT NOT NULL,
	kan_erstattes_av INT,
	PRIMARY KEY (ovelse_ID),
	FOREIGN KEY (kan_erstattes_av) REFERENCES ovelse(ovelse_ID),
	FOREIGN KEY (treningstype_ID) REFERENCES treningstype(treningstype_ID)
) 
CREATE TABLE ovelse_detaljer
(
	ovelse_detaljer_ID INT NOT NULL AUTO_INCREMENT,
	belastning_kg DECIMAL, 
	antall_set INT, 
	antall_repetisjoner INT,
	varighet TIME, 
	ovelse_ID INT NOT NULL,
	PRIMARY KEY (ovelse_detaljer_ID),
	FOREIGN KEY (ovelse_ID) REFERENCES ovelse(ovelse_ID) 
) 
CREATE TABLE datapunkt
(
	tidsstempel TIME NOT NULL,
	trening_ID INT NOT NULL,
	puls INT,
	lengdegrad DECIMAL,
	breddegrad DECIMAL,
	høyde_over_havet INT,
	PRIMARY KEY (tidsstempel, trening_ID),
	FOREIGN KEY (trening_ID) REFERENCES trening(trening_ID)
) 
CREATE TABLE maal
(
	maal_ID INT NOT NULL AUTO_INCREMENT,
	ovelse_detaljer_ID INT,
	opnadd VARCHAR(5),
	notat VARCHAR(500),
	PRIMARY KEY (maal_ID),
	FOREIGN KEY (ovelse_detaljer_ID) REFERENCES ovelse_detaljer(ovelse_detaljer_ID)
) 

-------
16/44/2017 16:44:17
-------

INSERT INTO idrett(navn)
VALUES ("Tennis"),
("Fotball"),
("Ski"),
("Basketball"),
("Vektløfting"),
("Løpetrening") 
INSERT INTO trening(dato,tid,varighet,antall_ovelser,prestasjon, personlig_form, idrett_ID, notat)
VALUES 
("2012-05-02","15:24","01:50","1","1","5", "1", "Crappenes crapp"),
("2008-11-11","13:40","01:40","2","3","6", "1", "Kjempefin trening, mye overskudd"),
("2015-01-01","09:40","00:55","1","3","2", "2","asdf"),
("2011-03-12","12:25","02:05","2","5","7", "2",  "What the fuck did you just fucking say about me, you little bitch? I’ll have you know I graduated top of my class in the Navy Seals, and I’ve been involved in numerous secret raids on Al-Quaeda, and I have over 300 confirmed kills. I am trained in gorilla warfare and I’m the top sniper in the entire US armed forces. You are nothing to me but just another target."),
("2009-12-15","16:46","01:45","3","5","6", "3", "Fyllesjuk og jævlig, men fikk scoret masse mål."),
("2013-10-16","09:12","01:41","1","3","2", "3", "You're fucking dead, kid. I can be anywhere, anytime, and I can kill you in over seven hundred ways, and that’s just with my bare hands. Not only am I extensively trained in unarmed combat, but I have access to the entire arsenal of the United States Marine Corps and I will use it to its full extent to wipe your miserable ass off the face of the continent, you little shit. "),
("2005-02-08","20:05","01:23","2","7","1", "4", "Mista vektstanga i hue, blør mye nå, kan noen være så snill å hjelpe meg?!"),
("2015-06-04","16:14","01:10","1","7","5", "4", "DO IT, just DO IT! Don’t let your dreams be dreams. Yesterday, you said tomorrow. So just. DO IT! Make. your dreams. COME TRUE! Just… do it! Some people dream of success, while you’re gonna wake up and work HARD at it! NOTHING IS IMPOSSIBLE!You should get to the point where anyone else would quit, and you’re not gonna stop there. NO! What are you waiting for? … DO IT! Just… DO IT! Yes you can! Just do it! If you’re tired of starting over, stop. giving. up.") 
INSERT INTO utetrening (trening_ID,vaertype, temperatur)
VALUES 
(1,"pent",15),
(2,"overkyet",20),
(3,"pent",16),
(4,"regn",12),
(5,"pent",20),
(6,"pent",23) 
INSERT INTO innetrening (trening_ID,ventilasjon, antall_tilskuere)
VALUES 
(7,"Dårlig", 145),
(8,"Bra",13) 
INSERT INTO treningstype (navn)
VALUES
("styrke"),
("utholdenhet") 
INSERT INTO ovelse (navn,beskrivelse,treningstype_ID)
VALUES
("benkpress","Ligger på benk og dytter, da",1),
("4 ganger 4","intervalltrening med fult kjør","2") 
INSERT INTO ovelse (navn,beskrivelse,treningstype_ID,kan_erstattes_av)
VALUES
("benkpress med manualer","Ligger på benk og dytter med manualer",1,1) 
INSERT INTO ovelse_detaljer (belastning_kg,antall_set, antall_repetisjoner, varighet, ovelse_ID)
VALUES
(70,3,8,"00:30",1),
(80,3,8,"00:30",1),
(83,3,8,"00:30",1),
(70,3,8,"00:30",3),
(30,3,8,"00:30",3),
(90,3,8,"00:30",3) 
INSERT INTO ovelse_detaljer (antall_set, varighet, ovelse_ID)
VALUES
(4,"00:30",2) 
INSERT INTO maal (ovelse_detaljer_ID, opnadd, notat)
VALUES
(1,"ja","Dette fikk jeg til"),
(2,"nei","Dette håper jeg å få til") 
INSERT INTO datapunkt (tidsstempel, trening_ID, puls, lengdegrad, breddegrad, høyde_over_havet)
VALUES ("08:40:00", 1, 30, 295827.00, 3108221, 1),
("08:40:10", 1, 31, 295827.00, 3108221, 2),
("08:41:00", 1, 39, 295827.00, 3108221, 5),
("08:42:00", 1, 50, 295827.00, 3108221, 27),
("08:44:00", 1, 80, 295827.00, 3108221, 89),
("08:47:00", 1, 150, 295827.00, 3108221, 120),
("08:53:00", 1, 207, 295827.00, 3108221, 139) 
INSERT INTO trening_ovelse_detaljer (trening_ID, ovelse_detaljer_ID)
VALUES
(1,1),
(2,2),
(2,1),
(3,2),
(4,1),
(4,3),
(5,5),
(5,7),
(5,1),
(6,1),
(7,2),
(7,7),
(8,1) 


-------
16/49/2017 16:49:39
-------

CREATE TABLE idrett
(
idrett_ID INT NOT NULL AUTO_INCREMENT,
navn VARCHAR(69) NOT NULL,
PRIMARY KEY (idrett_ID)
) 
-- I det neste komme implementasjon av 'ALTERNATIV A' fra forelesningsnotatet 'Fra ER-modell til relasjonsdatabase'
CREATE TABLE trening
(
	trening_ID INT NOT NULL AUTO_INCREMENT,
	dato DATE NOT NULL,
	tid TIME,
	varighet TIME, 
	antall_ovelser INT,
	prestasjon INT,
	personlig_form INT,
	idrett_ID INT,
	notat VARCHAR(2000),
	PRIMARY KEY (trening_ID),
	FOREIGN KEY (idrett_ID) REFERENCES idrett(idrett_ID) 
) 
CREATE TABLE utetrening
(
	trening_ID INT NOT NULL,
	vaertype VARCHAR(69),
	temperatur DECIMAL,
	PRIMARY KEY (trening_ID),
	FOREIGN KEY (trening_ID) REFERENCES trening(trening_ID)
) 
CREATE TABLE innetrening
(
	trening_ID INT NOT NULL,
	ventilasjon VARCHAR(69),
	antall_tilskuere INT,
	PRIMARY KEY (trening_ID),
	FOREIGN KEY (trening_ID) REFERENCES trening(trening_ID)
) 
CREATE TABLE trening_ovelse_detaljer
(
	trening_ID INT NOT NULL,
	ovelse_detaljer_ID INT NOT NULL,
	PRIMARY KEY (trening_ID, ovelse_detaljer_ID),
	FOREIGN KEY (trening_ID) REFERENCES trening(trening_ID) 
) 
CREATE TABLE treningstype
(
	treningstype_ID INT NOT NULL AUTO_INCREMENT,
	navn VARCHAR(69),
	PRIMARY KEY (treningstype_ID)
) 
CREATE TABLE ovelse
(
	ovelse_ID INT NOT NULL AUTO_INCREMENT,
	navn VARCHAR(69),
	beskrivelse VARCHAR(1000),
	treningstype_ID INT NOT NULL,
	kan_erstattes_av INT,
	PRIMARY KEY (ovelse_ID),
	FOREIGN KEY (kan_erstattes_av) REFERENCES ovelse(ovelse_ID),
	FOREIGN KEY (treningstype_ID) REFERENCES treningstype(treningstype_ID)
) 
CREATE TABLE ovelse_detaljer
(
	ovelse_detaljer_ID INT NOT NULL AUTO_INCREMENT,
	belastning_kg DECIMAL, 
	antall_set INT, 
	antall_repetisjoner INT,
	varighet TIME, 
	ovelse_ID INT NOT NULL,
	PRIMARY KEY (ovelse_detaljer_ID),
	FOREIGN KEY (ovelse_ID) REFERENCES ovelse(ovelse_ID) 
) 
CREATE TABLE datapunkt
(
	tidsstempel TIME NOT NULL,
	trening_ID INT NOT NULL,
	puls INT,
	lengdegrad DECIMAL,
	breddegrad DECIMAL,
	høyde_over_havet INT,
	PRIMARY KEY (tidsstempel, trening_ID),
	FOREIGN KEY (trening_ID) REFERENCES trening(trening_ID)
) 
CREATE TABLE maal
(
	maal_ID INT NOT NULL AUTO_INCREMENT,
	ovelse_detaljer_ID INT,
	opnadd VARCHAR(5),
	notat VARCHAR(500),
	PRIMARY KEY (maal_ID),
	FOREIGN KEY (ovelse_detaljer_ID) REFERENCES ovelse_detaljer(ovelse_detaljer_ID)
) 
INSERT INTO idrett(navn)
VALUES ("Tennis"),
("Fotball"),
("Ski"),
("Basketball"),
("Vektløfting"),
("Løpetrening") 
INSERT INTO trening(dato,tid,varighet,antall_ovelser,prestasjon, personlig_form, idrett_ID, notat)
VALUES 
("2012-05-02","15:24","01:50","1","1","5", "1", "Crappenes crapp"),
("2008-11-11","13:40","01:40","2","3","6", "1", "Kjempefin trening, mye overskudd"),
("2015-01-01","09:40","00:55","1","3","2", "2","asdf"),
("2011-03-12","12:25","02:05","2","5","7", "2",  "What the fuck did you just fucking say about me, you little bitch? I’ll have you know I graduated top of my class in the Navy Seals, and I’ve been involved in numerous secret raids on Al-Quaeda, and I have over 300 confirmed kills. I am trained in gorilla warfare and I’m the top sniper in the entire US armed forces. You are nothing to me but just another target."),
("2009-12-15","16:46","01:45","3","5","6", "3", "Fyllesjuk og jævlig, men fikk scoret masse mål."),
("2013-10-16","09:12","01:41","1","3","2", "3", "You're fucking dead, kid. I can be anywhere, anytime, and I can kill you in over seven hundred ways, and that’s just with my bare hands. Not only am I extensively trained in unarmed combat, but I have access to the entire arsenal of the United States Marine Corps and I will use it to its full extent to wipe your miserable ass off the face of the continent, you little shit. "),
("2005-02-08","20:05","01:23","2","7","1", "4", "Mista vektstanga i hue, blør mye nå, kan noen være så snill å hjelpe meg?!"),
("2015-06-04","16:14","01:10","1","7","5", "4", "DO IT, just DO IT! Don’t let your dreams be dreams. Yesterday, you said tomorrow. So just. DO IT! Make. your dreams. COME TRUE! Just… do it! Some people dream of success, while you’re gonna wake up and work HARD at it! NOTHING IS IMPOSSIBLE!You should get to the point where anyone else would quit, and you’re not gonna stop there. NO! What are you waiting for? … DO IT! Just… DO IT! Yes you can! Just do it! If you’re tired of starting over, stop. giving. up.") 
INSERT INTO utetrening (trening_ID,vaertype, temperatur)
VALUES 
(1,"pent",15),
(2,"overkyet",20),
(3,"pent",16),
(4,"regn",12),
(5,"pent",20),
(6,"pent",23) 
INSERT INTO innetrening (trening_ID,ventilasjon, antall_tilskuere)
VALUES 
(7,"Dårlig", 145),
(8,"Bra",13) 
INSERT INTO treningstype (navn)
VALUES
("styrke"),
("utholdenhet") 
INSERT INTO ovelse (navn,beskrivelse,treningstype_ID)
VALUES
("benkpress","Ligger på benk og dytter, da",1),
("4 ganger 4","intervalltrening med fult kjør","2") 
INSERT INTO ovelse (navn,beskrivelse,treningstype_ID,kan_erstattes_av)
VALUES
("benkpress med manualer","Ligger på benk og dytter med manualer",1,1) 
INSERT INTO ovelse_detaljer (belastning_kg,antall_set, antall_repetisjoner, varighet, ovelse_ID)
VALUES
(70,3,8,"00:30",1),
(80,3,8,"00:30",1),
(83,3,8,"00:30",1),
(70,3,8,"00:30",3),
(30,3,8,"00:30",3),
(90,3,8,"00:30",3) 
INSERT INTO ovelse_detaljer (antall_set, varighet, ovelse_ID)
VALUES
(4,"00:30",2) 
INSERT INTO maal (ovelse_detaljer_ID, opnadd, notat)
VALUES
(1,"ja","Dette fikk jeg til"),
(2,"nei","Dette håper jeg å få til") 
INSERT INTO datapunkt (tidsstempel, trening_ID, puls, lengdegrad, breddegrad, høyde_over_havet)
VALUES ("08:40:00", 1, 30, 295827.00, 3108221, 1),
("08:40:10", 1, 31, 295827.00, 3108221, 2),
("08:41:00", 1, 39, 295827.00, 3108221, 5),
("08:42:00", 1, 50, 295827.00, 3108221, 27),
("08:44:00", 1, 80, 295827.00, 3108221, 89),
("08:47:00", 1, 150, 295827.00, 3108221, 120),
("08:53:00", 1, 207, 295827.00, 3108221, 139) 
INSERT INTO trening_ovelse_detaljer (trening_ID, ovelse_detaljer_ID)
VALUES
(1,1),
(2,2),
(2,1),
(3,2),
(4,1),
(4,3),
(5,5),
(5,7),
(5,1),
(6,1),
(7,2),
(7,7),
(8,1) 


-------
16/05/2017 17:05:10
-------

CREATE TABLE idrett
(
idrett_ID INT NOT NULL AUTO_INCREMENT,
navn VARCHAR(69) NOT NULL,
PRIMARY KEY (idrett_ID)
) 
-- I det neste komme implementasjon av 'ALTERNATIV A' fra forelesningsnotatet 'Fra ER-modell til relasjonsdatabase'
CREATE TABLE trening
(
	trening_ID INT NOT NULL AUTO_INCREMENT,
	dato DATE NOT NULL,
	tid TIME,
	varighet TIME, 
	antall_ovelser INT,
	prestasjon INT,
	personlig_form INT,
	idrett_ID INT,
	notat VARCHAR(2000),
	PRIMARY KEY (trening_ID),
	FOREIGN KEY (idrett_ID) REFERENCES idrett(idrett_ID) 
) 
CREATE TABLE utetrening
(
	trening_ID INT NOT NULL,
	vaertype VARCHAR(69),
	temperatur DECIMAL,
	PRIMARY KEY (trening_ID),
	FOREIGN KEY (trening_ID) REFERENCES trening(trening_ID)
) 
CREATE TABLE innetrening
(
	trening_ID INT NOT NULL,
	ventilasjon VARCHAR(69),
	antall_tilskuere INT,
	PRIMARY KEY (trening_ID),
	FOREIGN KEY (trening_ID) REFERENCES trening(trening_ID)
) 
CREATE TABLE trening_ovelse_detaljer
(
	trening_ID INT NOT NULL,
	ovelse_detaljer_ID INT NOT NULL,
	PRIMARY KEY (trening_ID, ovelse_detaljer_ID),
	FOREIGN KEY (trening_ID) REFERENCES trening(trening_ID) 
) 
CREATE TABLE treningstype
(
	treningstype_ID INT NOT NULL AUTO_INCREMENT,
	navn VARCHAR(69),
	PRIMARY KEY (treningstype_ID)
) 
CREATE TABLE ovelse
(
	ovelse_ID INT NOT NULL AUTO_INCREMENT,
	navn VARCHAR(69),
	beskrivelse VARCHAR(1000),
	treningstype_ID INT NOT NULL,
	kan_erstattes_av INT,
	PRIMARY KEY (ovelse_ID),
	FOREIGN KEY (kan_erstattes_av) REFERENCES ovelse(ovelse_ID),
	FOREIGN KEY (treningstype_ID) REFERENCES treningstype(treningstype_ID)
) 
CREATE TABLE ovelse_detaljer
(
	ovelse_detaljer_ID INT NOT NULL AUTO_INCREMENT,
	belastning_kg DECIMAL, 
	antall_set INT, 
	antall_repetisjoner INT,
	varighet TIME, 
	ovelse_ID INT NOT NULL,
	PRIMARY KEY (ovelse_detaljer_ID),
	FOREIGN KEY (ovelse_ID) REFERENCES ovelse(ovelse_ID) 
) 
CREATE TABLE datapunkt
(
	tidsstempel TIME NOT NULL,
	trening_ID INT NOT NULL,
	puls INT,
	lengdegrad DECIMAL,
	breddegrad DECIMAL,
	høyde_over_havet INT,
	PRIMARY KEY (tidsstempel, trening_ID),
	FOREIGN KEY (trening_ID) REFERENCES trening(trening_ID)
) 
CREATE TABLE maal
(
	maal_ID INT NOT NULL AUTO_INCREMENT,
	ovelse_detaljer_ID INT,
	opnadd VARCHAR(5),
	notat VARCHAR(500),
	PRIMARY KEY (maal_ID),
	FOREIGN KEY (ovelse_detaljer_ID) REFERENCES ovelse_detaljer(ovelse_detaljer_ID)
) 
INSERT INTO idrett(navn)
VALUES ("Tennis"),
("Fotball"),
("Ski"),
("Basketball"),
("Vektløfting"),
("Løpetrening") 
INSERT INTO trening(dato,tid,varighet,antall_ovelser,prestasjon, personlig_form, idrett_ID, notat)
VALUES 
("2012-05-02","15:24","01:50","1","1","5", "1", "Crappenes crapp"),
("2008-11-11","13:40","01:40","2","3","6", "1", "Kjempefin trening, mye overskudd"),
("2015-01-01","09:40","00:55","1","3","2", "2","asdf"),
("2011-03-12","12:25","02:05","2","5","7", "2",  "What the fuck did you just fucking say about me, you little bitch? I’ll have you know I graduated top of my class in the Navy Seals, and I’ve been involved in numerous secret raids on Al-Quaeda, and I have over 300 confirmed kills. I am trained in gorilla warfare and I’m the top sniper in the entire US armed forces. You are nothing to me but just another target."),
("2009-12-15","16:46","01:45","3","5","6", "3", "Fyllesjuk og jævlig, men fikk scoret masse mål."),
("2013-10-16","09:12","01:41","1","3","2", "3", "You're fucking dead, kid. I can be anywhere, anytime, and I can kill you in over seven hundred ways, and that’s just with my bare hands. Not only am I extensively trained in unarmed combat, but I have access to the entire arsenal of the United States Marine Corps and I will use it to its full extent to wipe your miserable ass off the face of the continent, you little shit. "),
("2005-02-08","20:05","01:23","2","7","1", "4", "Mista vektstanga i hue, blør mye nå, kan noen være så snill å hjelpe meg?!"),
("2015-06-04","16:14","01:10","1","7","5", "4", "DO IT, just DO IT! Don’t let your dreams be dreams. Yesterday, you said tomorrow. So just. DO IT! Make. your dreams. COME TRUE! Just… do it! Some people dream of success, while you’re gonna wake up and work HARD at it! NOTHING IS IMPOSSIBLE!You should get to the point where anyone else would quit, and you’re not gonna stop there. NO! What are you waiting for? … DO IT! Just… DO IT! Yes you can! Just do it! If you’re tired of starting over, stop. giving. up.") 
INSERT INTO utetrening (trening_ID,vaertype, temperatur)
VALUES 
(1,"pent",15),
(2,"overkyet",20),
(3,"pent",16),
(4,"regn",12),
(5,"pent",20),
(6,"pent",23) 
INSERT INTO innetrening (trening_ID,ventilasjon, antall_tilskuere)
VALUES 
(7,"Dårlig", 145),
(8,"Bra",13) 
INSERT INTO treningstype (navn)
VALUES
("styrke"),
("utholdenhet") 
INSERT INTO ovelse (navn,beskrivelse,treningstype_ID)
VALUES
("benkpress","Ligger på benk og dytter, da",1),
("4 ganger 4","intervalltrening med fult kjør","2") 
INSERT INTO ovelse (navn,beskrivelse,treningstype_ID,kan_erstattes_av)
VALUES
("benkpress med manualer","Ligger på benk og dytter med manualer",1,1) 
INSERT INTO ovelse_detaljer (belastning_kg,antall_set, antall_repetisjoner, varighet, ovelse_ID)
VALUES
(70,3,8,"00:30",1),
(80,3,8,"00:30",1),
(83,3,8,"00:30",1),
(70,3,8,"00:30",3),
(30,3,8,"00:30",3),
(90,3,8,"00:30",3) 
INSERT INTO ovelse_detaljer (antall_set, varighet, ovelse_ID)
VALUES
(4,"00:30",2) 
INSERT INTO maal (ovelse_detaljer_ID, opnadd, notat)
VALUES
(1,"ja","Dette fikk jeg til"),
(2,"nei","Dette håper jeg å få til") 
INSERT INTO datapunkt (tidsstempel, trening_ID, puls, lengdegrad, breddegrad, høyde_over_havet)
VALUES ("08:40:00", 1, 30, 295827.00, 3108221, 1),
("08:40:10", 1, 31, 295827.00, 3108221, 2),
("08:41:00", 1, 39, 295827.00, 3108221, 5),
("08:42:00", 1, 50, 295827.00, 3108221, 27),
("08:44:00", 1, 80, 295827.00, 3108221, 89),
("08:47:00", 1, 150, 295827.00, 3108221, 120),
("08:53:00", 1, 207, 295827.00, 3108221, 139) 
INSERT INTO trening_ovelse_detaljer (trening_ID, ovelse_detaljer_ID)
VALUES
(1,1),
(2,2),
(2,1),
(3,2),
(4,1),
(4,3),
(5,5),
(5,7),
(5,1),
(6,1),
(7,2),
(7,7),
(8,1) 

