
-------
16/34/2017 16:34:21
-------


-------
16/44/2017 16:44:17
-------

Error executing '' (line 110): Can not issue empty query.

-------
16/49/2017 16:49:39
-------

Error executing '' (line 110): Can not issue empty query.

-------
16/05/2017 17:05:10
-------

Erroeeeeeeeeeeer executing 'CREATE TABLE idrett
(
idrett_ID INT NOT NULL AUTO_INCREMENT,
navn VARCHAR(69) NOT NULL,
PRIMARY KEY (idrett_ID)
) ' (line 7): Table 'idrett' already exists
Erroeeeeeeeeeeer executing 'CREATE TABLE trening
(
	trening_ID INT NOT NULL AUTO_INCREMENT,
	dato DATE NOT NULL,
	tid TIME,
	varighet TIME, 
	antall_ovelser INT,
	prestasjon INT,
	personlig_form INT,
	idrett_ID INT,
	notat VARCHAR(2000),
	PRIMARY KEY (trening_ID),
	FOREIGN KEY (idrett_ID) REFERENCES idrett(idrett_ID) 
) ' (line 25): Table 'trening' already exists
Erroeeeeeeeeeeer executing 'CREATE TABLE utetrening
(
	trening_ID INT NOT NULL,
	vaertype VARCHAR(69),
	temperatur DECIMAL,
	PRIMARY KEY (trening_ID),
	FOREIGN KEY (trening_ID) REFERENCES trening(trening_ID)
) ' (line 35): Table 'utetrening' already exists
Erroeeeeeeeeeeer executing 'CREATE TABLE innetrening
(
	trening_ID INT NOT NULL,
	ventilasjon VARCHAR(69),
	antall_tilskuere INT,
	PRIMARY KEY (trening_ID),
	FOREIGN KEY (trening_ID) REFERENCES trening(trening_ID)
) ' (line 45): Table 'innetrening' already exists
Erroeeeeeeeeeeer executing 'CREATE TABLE trening_ovelse_detaljer
(
	trening_ID INT NOT NULL,
	ovelse_detaljer_ID INT NOT NULL,
	PRIMARY KEY (trening_ID, ovelse_detaljer_ID),
	FOREIGN KEY (trening_ID) REFERENCES trening(trening_ID) 
) ' (line 55): Table 'trening_ovelse_detaljer' already exists
Erroeeeeeeeeeeer executing 'CREATE TABLE treningstype
(
	treningstype_ID INT NOT NULL AUTO_INCREMENT,
	navn VARCHAR(69),
	PRIMARY KEY (treningstype_ID)
) ' (line 63): Table 'treningstype' already exists
Erroeeeeeeeeeeer executing 'CREATE TABLE ovelse
(
	ovelse_ID INT NOT NULL AUTO_INCREMENT,
	navn VARCHAR(69),
	beskrivelse VARCHAR(1000),
	treningstype_ID INT NOT NULL,
	kan_erstattes_av INT,
	PRIMARY KEY (ovelse_ID),
	FOREIGN KEY (kan_erstattes_av) REFERENCES ovelse(ovelse_ID),
	FOREIGN KEY (treningstype_ID) REFERENCES treningstype(treningstype_ID)
) ' (line 76): Table 'ovelse' already exists
Erroeeeeeeeeeeer executing 'CREATE TABLE ovelse_detaljer
(
	ovelse_detaljer_ID INT NOT NULL AUTO_INCREMENT,
	belastning_kg DECIMAL, 
	antall_set INT, 
	antall_repetisjoner INT,
	varighet TIME, 
	ovelse_ID INT NOT NULL,
	PRIMARY KEY (ovelse_detaljer_ID),
	FOREIGN KEY (ovelse_ID) REFERENCES ovelse(ovelse_ID) 
) ' (line 89): Table 'ovelse_detaljer' already exists
Erroeeeeeeeeeeer executing 'CREATE TABLE datapunkt
(
	tidsstempel TIME NOT NULL,
	trening_ID INT NOT NULL,
	puls INT,
	lengdegrad DECIMAL,
	breddegrad DECIMAL,
	høyde_over_havet INT,
	PRIMARY KEY (tidsstempel, trening_ID),
	FOREIGN KEY (trening_ID) REFERENCES trening(trening_ID)
) ' (line 102): Table 'datapunkt' already exists
Erroeeeeeeeeeeer executing 'CREATE TABLE maal
(
	maal_ID INT NOT NULL AUTO_INCREMENT,
	ovelse_detaljer_ID INT,
	opnadd VARCHAR(5),
	notat VARCHAR(500),
	PRIMARY KEY (maal_ID),
	FOREIGN KEY (ovelse_detaljer_ID) REFERENCES ovelse_detaljer(ovelse_detaljer_ID)
) ' (line 113): Table 'maal' already exists
Erroeeeeeeeeeeer executing 'INSERT INTO utetrening (trening_ID,vaertype, temperatur)
VALUES 
(1,"pent",15),
(2,"overkyet",20),
(3,"pent",16),
(4,"regn",12),
(5,"pent",20),
(6,"pent",23) ' (line 27): Duplicate entry '1' for key 'PRIMARY'
Erroeeeeeeeeeeer executing 'INSERT INTO innetrening (trening_ID,ventilasjon, antall_tilskuere)
VALUES 
(7,"Dårlig", 145),
(8,"Bra",13) ' (line 32): Duplicate entry '7' for key 'PRIMARY'
Erroeeeeeeeeeeer executing 'INSERT INTO datapunkt (tidsstempel, trening_ID, puls, lengdegrad, breddegrad, høyde_over_havet)
VALUES ("08:40:00", 1, 30, 295827.00, 3108221, 1),
("08:40:10", 1, 31, 295827.00, 3108221, 2),
("08:41:00", 1, 39, 295827.00, 3108221, 5),
("08:42:00", 1, 50, 295827.00, 3108221, 27),
("08:44:00", 1, 80, 295827.00, 3108221, 89),
("08:47:00", 1, 150, 295827.00, 3108221, 120),
("08:53:00", 1, 207, 295827.00, 3108221, 139) ' (line 73): Duplicate entry '08:40:00-1' for key 'PRIMARY'
Erroeeeeeeeeeeer executing 'INSERT INTO trening_ovelse_detaljer (trening_ID, ovelse_detaljer_ID)
VALUES
(1,1),
(2,2),
(2,1),
(3,2),
(4,1),
(4,3),
(5,5),
(5,7),
(5,1),
(6,1),
(7,2),
(7,7),
(8,1) ' (line 89): Duplicate entry '1-1' for key 'PRIMARY'
Erroeeeeeeeeeeer executing '' (line 110): Can not issue empty query.
